<?xml version="1.0" encoding="UTF-8"?>
<!-- Generated by org.testng.reporters.JUnitReportReporter -->
<testsuite hostname="alvin" name="com.fengjr.testcase.redisAction$redisActionaa" tests="1" failures="0" timestamp="13 Jul 2015 07:15:46 GMT" time="3.149" errors="0">
  <testcase name="main" time="3.149" classname="com.fengjr.testcase.redisAction$redisActionaa"/>
</testsuite> <!-- com.fengjr.testcase.redisAction$redisActionaa -->
