<?xml version="1.0" encoding="UTF-8"?>
<!-- Generated by org.testng.reporters.JUnitReportReporter -->
<testsuite hostname="alvin" name="com.fengjr.util.LibRedisClientByKeyTest$LibRedisClientByKeyTestAction" tests="1" failures="0" timestamp="13 Jul 2015 07:30:48 GMT" time="3.119" errors="0">
  <testcase name="main" time="3.119" classname="com.fengjr.util.LibRedisClientByKeyTest$LibRedisClientByKeyTestAction"/>
</testsuite> <!-- com.fengjr.util.LibRedisClientByKeyTest$LibRedisClientByKeyTestAction -->
