<?xml version="1.0" encoding="UTF-8"?>
<!-- Generated by org.testng.reporters.JUnitReportReporter -->
<testsuite hostname="alvin" name="com.fengjr.testcase.TCA099AddLoan_P2P" tests="1" failures="0" timestamp="13 Jul 2015 09:00:35 GMT" time="64.419" errors="0">
  <testcase name="AddLoan_TEST_RT_zcAction" time="64.419" classname="com.fengjr.testcase.TCA099AddLoan_P2P"/>
</testsuite> <!-- com.fengjr.testcase.TCA099AddLoan_P2P -->
