<?xml version="1.0" encoding="UTF-8"?>
<!-- Generated by org.testng.reporters.JUnitReportReporter -->
<testsuite hostname="0AJT4NI1PE74964" name="com.fengjr.api.CheckBJUserInfo" tests="1" failures="0" timestamp="13 Jul 2017 11:09:23 GMT" time="9.748" errors="0">
  <testcase name="getUserAccountInfo" time="9.748" classname="com.fengjr.api.CheckBJUserInfo"/>
</testsuite> <!-- com.fengjr.api.CheckBJUserInfo -->
